<?xml version="1.0" encoding="UTF-8"?>
<!-- Generated by org.testng.reporters.JUnitXMLReporter -->
<testsuite ignored="0" hostname="DESKTOP-6OUMR1L" failures="0" tests="3" name="Surefire test" time="0.036" errors="0" timestamp="2021-11-04T22:22:18 IST">
  <testcase classname="maven_demo.mavenprac2.dose1Test" name="mollywoodActor" time="0.004"/>
  <testcase classname="maven_demo.mavenprac2.dose1Test" name="mollywoodActress" time="0.0"/>
  <testcase classname="maven_demo.mavenprac2.dose1Test" name="mollywoodDirector" time="0.001"/>
</testsuite> <!-- Surefire test -->
