<?xml version="1.0" encoding="UTF-8"?>
<testsuite xmlns:xsi="http://www.w3.org/2001/XMLSchema-instance" xsi:noNamespaceSchemaLocation="https://maven.apache.org/surefire/maven-surefire-plugin/xsd/surefire-test-report-3.0.xsd" version="3.0" name="TestSuite" time="0.534" tests="3" errors="0" skipped="0" failures="0">
  <properties>
[...]
</properties>
  <testcase name="hollywodDirector" classname="maven_demo.mavenprac2.Dose2Test" time="0.006">
    <system-out><![CDATA[james horgan
]]></system-out>
  </testcase>
  <testcase name="hollywoodActor" classname="maven_demo.mavenprac2.Dose2Test" time="0">
    <system-out><![CDATA[jamesbond
]]></system-out>
  </testcase>
  <testcase name="hollywoodActress" classname="maven_demo.mavenprac2.Dose2Test" time="0.001">
    <system-out><![CDATA[anjelina
]]></system-out>
  </testcase>
</testsuite>