<?xml version="1.0" encoding="UTF-8"?>
<testng-results ignored="0" total="3" passed="3" failed="0" skipped="0">
  <reporter-output>
  </reporter-output>
  <suite started-at="2021-11-04T22:29:01 IST" name="Suite" finished-at="2021-11-04T22:29:01 IST" duration-ms="38">
    <groups>
      <group name="smoke">
        <method signature="Dose2Test.hollywoodActress()[pri:0, instance:maven_demo.mavenprac2.Dose2Test@503d687a]" name="hollywoodActress" class="maven_demo.mavenprac2.Dose2Test"/>
      </group> <!-- smoke -->
    </groups>
    <test started-at="2021-11-04T22:29:01 IST" name="Test" finished-at="2021-11-04T22:29:01 IST" duration-ms="38">
      <class name="maven_demo.mavenprac2.Dose2Test">
        <test-method signature="hollywodDirector()[pri:0, instance:maven_demo.mavenprac2.Dose2Test@503d687a]" started-at="2021-11-04T22:29:01 IST" name="hollywodDirector" finished-at="2021-11-04T22:29:01 IST" duration-ms="4" status="PASS">
          <reporter-output>
          </reporter-output>
        </test-method> <!-- hollywodDirector -->
        <test-method signature="hollywoodActor()[pri:0, instance:maven_demo.mavenprac2.Dose2Test@503d687a]" started-at="2021-11-04T22:29:01 IST" name="hollywoodActor" finished-at="2021-11-04T22:29:01 IST" duration-ms="0" status="PASS">
          <reporter-output>
          </reporter-output>
        </test-method> <!-- hollywoodActor -->
        <test-method signature="hollywoodActress()[pri:0, instance:maven_demo.mavenprac2.Dose2Test@503d687a]" started-at="2021-11-04T22:29:01 IST" name="hollywoodActress" finished-at="2021-11-04T22:29:01 IST" duration-ms="0" status="PASS">
          <reporter-output>
          </reporter-output>
        </test-method> <!-- hollywoodActress -->
      </class> <!-- maven_demo.mavenprac2.Dose2Test -->
    </test> <!-- Test -->
  </suite> <!-- Suite -->
</testng-results>
