<?xml version="1.0" encoding="UTF-8"?>
<!-- Generated by org.testng.reporters.JUnitXMLReporter -->
<testsuite ignored="0" hostname="DESKTOP-6OUMR1L" failures="0" tests="9" name="Command line test" time="0.041" errors="0" timestamp="2021-11-04T22:28:47 IST">
  <testcase classname="maven_demo.mavenprac2.dose1Test" name="mollywoodActor" time="0.003"/>
  <testcase classname="maven_demo.mavenprac2.dose1Test" name="mollywoodActress" time="0.0"/>
  <testcase classname="maven_demo.mavenprac2.dose1Test" name="mollywoodDirector" time="0.0"/>
  <testcase classname="maven_demo.mavenprac2.Dose2Test" name="hollywodDirector" time="0.0"/>
  <testcase classname="maven_demo.mavenprac2.Dose2Test" name="hollywoodActor" time="0.001"/>
  <testcase classname="maven_demo.mavenprac2.Dose2Test" name="hollywoodActress" time="0.0"/>
  <testcase classname="maven_demo.mavenprac2.Dose3Test" name="bollywoodActor" time="0.0"/>
  <testcase classname="maven_demo.mavenprac2.Dose3Test" name="bollywoodActress" time="0.0"/>
  <testcase classname="maven_demo.mavenprac2.Dose3Test" name="bollywoodDirector" time="0.0"/>
</testsuite> <!-- Command line test -->
