<?xml version="1.0" encoding="UTF-8"?>
<!-- Generated by org.testng.reporters.JUnitXMLReporter -->
<testsuite ignored="0" hostname="DESKTOP-6OUMR1L" failures="0" tests="3" name="Test" time="0.038" errors="0" timestamp="2021-11-04T22:29:01 IST">
  <testcase classname="maven_demo.mavenprac2.Dose2Test" name="hollywodDirector" time="0.004"/>
  <testcase classname="maven_demo.mavenprac2.Dose2Test" name="hollywoodActor" time="0.0"/>
  <testcase classname="maven_demo.mavenprac2.Dose2Test" name="hollywoodActress" time="0.0"/>
</testsuite> <!-- Test -->
